<?xml version="1.0" encoding="UTF-8"?>
<testsuite xmlns:xsi="http://www.w3.org/2001/XMLSchema-instance" xsi:schemaLocation="https://maven.apache.org/surefire/maven-surefire-plugin/xsd/surefire-test-report.xsd" name="com.unimelb.distributedsystem.ymca.IntegrationTest" time="0.043" tests="1" errors="0" skipped="1" failures="0">
  <properties>
[...]
</properties>
  <testcase name="com.unimelb.distributedsystem.ymca.IntegrationTest" classname="com.unimelb.distributedsystem.ymca.IntegrationTest" time="0">
    <skipped/>
  </testcase>
</testsuite>